<?xml version="1.0" encoding="UTF-8"?>
<!-- Generated by org.testng.reporters.JUnitReportReporter -->
<testsuite skipped="0" hostname="ZORNICA-PC" name="org.example.RESTAPITest" tests="2" failures="0" timestamp="2020-12-07T01:03:57 EET" time="0.005" errors="0">
  <testcase name="deleteTwitter" time="0.000" classname="org.example.RESTAPITest"/>
  <testcase name="postJira" time="0.005" classname="org.example.RESTAPITest"/>
</testsuite> <!-- org.example.RESTAPITest -->
