<?xml version="1.0" encoding="UTF-8"?>
<!-- Generated by org.testng.reporters.JUnitReportReporter -->
<testsuite skipped="0" hostname="ZORNICA-PC" name="org.example.AppiumTest" tests="2" failures="0" timestamp="2020-12-07T01:03:29 EET" time="0.008" errors="0">
  <testcase name="NativeAppAndroid" time="0.008" classname="org.example.AppiumTest"/>
  <testcase name="IOSApps" time="0.000" classname="org.example.AppiumTest"/>
</testsuite> <!-- org.example.AppiumTest -->
