<?xml version="1.0" encoding="UTF-8"?>
<!-- Generated by org.testng.reporters.JUnitReportReporter -->
<testsuite skipped="0" hostname="ZORNICA-PC" name="org.example.SeleniumTest" tests="2" failures="0" timestamp="2020-12-07T01:03:57 EET" time="0.001" errors="0">
  <testcase name="BrowserAutomation" time="0.000" classname="org.example.SeleniumTest"/>
  <testcase name="elementsUI" time="0.001" classname="org.example.SeleniumTest"/>
</testsuite> <!-- org.example.SeleniumTest -->
